<?xml version="1.0" encoding="UTF-8"?>
<!-- Generated by org.testng.reporters.JUnitReportReporter -->
<testsuite hostname="DESKTOP-KP1G8GF" failures="0" tests="3" name="com.learining.testng.TestNGAnnotations" time="0.081" errors="0" timestamp="2023-10-31T11:34:24 IST" skipped="0">
  <testcase classname="com.learining.testng.TestNGAnnotations" name="testCase2" time="0.015"/>
  <system-out/>
  <testcase classname="com.learining.testng.TestNGAnnotations" name="testCase3" time="0.023"/>
  <system-out/>
  <testcase classname="com.learining.testng.TestNGAnnotations" name="testCase1" time="0.043"/>
  <system-out/>
</testsuite> <!-- com.learining.testng.TestNGAnnotations -->
