<?xml version="1.0" encoding="UTF-8"?>
<!-- Generated by org.testng.reporters.JUnitReportReporter -->
<testsuite hostname="DESKTOP-KP1G8GF" failures="0" tests="4" name="com.learningTestNG.TestNG_Assertions" time="0.456" errors="0" timestamp="2023-11-06T10:58:57 IST" skipped="0">
  <testcase classname="com.learningTestNG.TestNG_Assertions" name="TestNG_assertNotEquals" time="0.023"/>
  <system-out/>
  <testcase classname="com.learningTestNG.TestNG_Assertions" name="TestNG_assertTrue" time="0.099"/>
  <system-out/>
  <testcase classname="com.learningTestNG.TestNG_Assertions" name="TestNG_assertFalse" time="0.238"/>
  <system-out/>
  <testcase classname="com.learningTestNG.TestNG_Assertions" name="TestNG_assertEquals" time="0.096"/>
  <system-out/>
</testsuite> <!-- com.learningTestNG.TestNG_Assertions -->
