<?xml version="1.0" encoding="UTF-8"?>
<!-- Generated by org.testng.reporters.JUnitReportReporter -->
<testsuite hostname="DESKTOP-KP1G8GF" failures="0" tests="2" name="com.learining.testng.TestNG_parallelAtTest_Level2" time="86.629" errors="0" timestamp="2023-11-02T07:15:14 IST" skipped="0">
  <testcase classname="com.learining.testng.TestNG_parallelAtTest_Level2" name="launchYahoo" time="42.450"/>
  <system-out/>
  <testcase classname="com.learining.testng.TestNG_parallelAtTest_Level2" name="launchGoogle" time="44.179"/>
  <system-out/>
</testsuite> <!-- com.learining.testng.TestNG_parallelAtTest_Level2 -->
