<?xml version="1.0" encoding="UTF-8"?>
<!-- Generated by org.testng.reporters.JUnitReportReporter -->
<testsuite hostname="DESKTOP-KP1G8GF" failures="0" tests="4" name="com.practiceMe.testNg.W3Schools_Homepage" time="15.254" errors="0" timestamp="2023-11-07T17:55:45 IST" skipped="1">
  <testcase classname="com.practiceMe.testNg.W3Schools_Homepage" name="Login" time="12.557"/>
  <system-out/>
  <testcase classname="com.practiceMe.testNg.W3Schools_Homepage" name="Homepage" time="0.103"/>
  <system-out/>
  <testcase classname="com.practiceMe.testNg.W3Schools_Homepage" name="profile_build" time="2.594"/>
  <system-out/>
  <testcase classname="com.practiceMe.testNg.W3Schools_Homepage" name="signup">
    <skipped/>
  </testcase> <!-- signup -->
  <system-out/>
</testsuite> <!-- com.practiceMe.testNg.W3Schools_Homepage -->
