<?xml version="1.0" encoding="UTF-8"?>
<!-- Generated by org.testng.reporters.JUnitReportReporter -->
<testsuite hostname="DESKTOP-KP1G8GF" failures="0" tests="6" name="com.learningTestNG.ReadDataUsing_dataprovider_from_xlsx" time="117.036" errors="0" timestamp="2023-11-27T20:20:04 IST" skipped="0">
  <testcase classname="com.learningTestNG.ReadDataUsing_dataprovider_from_xlsx" name="searchTopic" time="21.460"/>
  <system-out/>
  <testcase classname="com.learningTestNG.ReadDataUsing_dataprovider_from_xlsx" name="searchTopic" time="18.419"/>
  <system-out/>
  <testcase classname="com.learningTestNG.ReadDataUsing_dataprovider_from_xlsx" name="searchTopic" time="18.081"/>
  <system-out/>
  <testcase classname="com.learningTestNG.ReadDataUsing_dataprovider_from_xlsx" name="google_it" time="18.082"/>
  <system-out/>
  <testcase classname="com.learningTestNG.ReadDataUsing_dataprovider_from_xlsx" name="google_it" time="23.029"/>
  <system-out/>
  <testcase classname="com.learningTestNG.ReadDataUsing_dataprovider_from_xlsx" name="google_it" time="17.965"/>
  <system-out/>
</testsuite> <!-- com.learningTestNG.ReadDataUsing_dataprovider_from_xlsx -->
