<?xml version="1.0" encoding="UTF-8"?>
<!-- Generated by org.testng.reporters.JUnitReportReporter -->
<testsuite hostname="DESKTOP-KP1G8GF" failures="0" tests="2" name="com.learningTestNG.Cross_Browser_Testing" time="29.629" errors="0" timestamp="2023-11-07T11:57:19 IST" skipped="0">
  <testcase classname="com.learningTestNG.Cross_Browser_Testing" name="Validate_Title" time="10.854"/>
  <system-out/>
  <testcase classname="com.learningTestNG.Cross_Browser_Testing" name="Validate_Title" time="18.775"/>
  <system-out/>
</testsuite> <!-- com.learningTestNG.Cross_Browser_Testing -->
