<?xml version="1.0" encoding="UTF-8"?>
<!-- Generated by org.testng.reporters.JUnitReportReporter -->
<testsuite hostname="DESKTOP-KP1G8GF" failures="0" tests="4" name="com.learningTestNG.TestNG_DataProvider" time="68.043" errors="0" timestamp="2023-11-03T11:19:33 IST" skipped="0">
  <testcase classname="com.learningTestNG.TestNG_DataProvider" name="TestNG_ParameterizationThroughXml" time="15.523"/>
  <system-out/>
  <testcase classname="com.learningTestNG.TestNG_DataProvider" name="TestNG_ParameterizationThroughXml" time="22.047"/>
  <system-out/>
  <testcase classname="com.learningTestNG.TestNG_DataProvider" name="TestNG_ParameterizationThroughXml" time="15.529"/>
  <system-out/>
  <testcase classname="com.learningTestNG.TestNG_DataProvider" name="TestNG_ParameterizationThroughXml" time="14.944"/>
  <system-out/>
</testsuite> <!-- com.learningTestNG.TestNG_DataProvider -->
