<?xml version="1.0" encoding="UTF-8"?>
<!-- Generated by org.testng.reporters.JUnitReportReporter -->
<testsuite hostname="DESKTOP-KP1G8GF" failures="0" tests="5" name="com.learining.testng.Threadpoolsize_invocationCount" time="27.561" errors="0" timestamp="2023-11-02T10:30:14 IST" skipped="0">
  <testcase classname="com.learining.testng.Threadpoolsize_invocationCount" name="launchFacebook" time="2.721"/>
  <system-out/>
  <testcase classname="com.learining.testng.Threadpoolsize_invocationCount" name="launchFacebook" time="5.539"/>
  <system-out/>
  <testcase classname="com.learining.testng.Threadpoolsize_invocationCount" name="launchFacebook" time="4.214"/>
  <system-out/>
  <testcase classname="com.learining.testng.Threadpoolsize_invocationCount" name="launchFacebook" time="8.257"/>
  <system-out/>
  <testcase classname="com.learining.testng.Threadpoolsize_invocationCount" name="launchFacebook" time="6.830"/>
  <system-out/>
</testsuite> <!-- com.learining.testng.Threadpoolsize_invocationCount -->
