<?xml version="1.0" encoding="UTF-8"?>
<!-- Generated by org.testng.reporters.JUnitReportReporter -->
<testsuite hostname="DESKTOP-KP1G8GF" failures="0" tests="1" name="com.learningTestNG.TestNG_Parameterization" time="19.198" errors="0" timestamp="2023-11-03T10:17:30 IST" skipped="0">
  <testcase classname="com.learningTestNG.TestNG_Parameterization" name="TestNG_ParameterizationThroughXml" time="19.198"/>
  <system-out/>
</testsuite> <!-- com.learningTestNG.TestNG_Parameterization -->
