<?xml version="1.0" encoding="UTF-8"?>
<!-- Generated by org.testng.reporters.JUnitReportReporter -->
<testsuite hostname="DESKTOP-KP1G8GF" failures="0" tests="3" name="com.practiceMe.testNg.greenkart_order" time="2.640" errors="0" timestamp="2023-10-31T14:16:33 IST" skipped="0">
  <testcase classname="com.practiceMe.testNg.greenkart_order" name="page1" time="1.321"/>
  <system-out/>
  <testcase classname="com.practiceMe.testNg.greenkart_order" name="page3" time="0.579"/>
  <system-out/>
  <testcase classname="com.practiceMe.testNg.greenkart_order" name="page2" time="0.740"/>
  <system-out/>
</testsuite> <!-- com.practiceMe.testNg.greenkart_order -->
