<?xml version="1.0" encoding="UTF-8"?>
<!-- Generated by org.testng.reporters.JUnitReportReporter -->
<testsuite hostname="DESKTOP-KP1G8GF" failures="0" tests="2" name="com.learining.testng.TestNG_Groups1" time="0.043" errors="0" timestamp="2023-11-02T12:59:44 IST" skipped="0">
  <testcase classname="com.learining.testng.TestNG_Groups1" name="testCase3" time="0.004"/>
  <system-out/>
  <testcase classname="com.learining.testng.TestNG_Groups1" name="testCase2" time="0.039"/>
  <system-out/>
</testsuite> <!-- com.learining.testng.TestNG_Groups1 -->
