<?xml version="1.0" encoding="UTF-8"?>
<!-- Generated by org.testng.reporters.JUnitReportReporter -->
<testsuite hostname="DESKTOP-KP1G8GF" failures="0" tests="1" name="com.learining.testng.TestNG_Groups2" time="0.009" errors="0" timestamp="2023-11-02T12:59:44 IST" skipped="0">
  <testcase classname="com.learining.testng.TestNG_Groups2" name="testCase2" time="0.009"/>
  <system-out/>
</testsuite> <!-- com.learining.testng.TestNG_Groups2 -->
