<?xml version="1.0" encoding="UTF-8"?>
<!-- Generated by org.testng.reporters.JUnitReportReporter -->
<testsuite hostname="DESKTOP-KP1G8GF" failures="0" tests="7" name="com.practiceMe.testNg.greenkart_FlightTicket_Booking" time="26.419" errors="0" timestamp="2023-11-05T13:04:50 IST" skipped="0">
  <testcase classname="com.practiceMe.testNg.greenkart_FlightTicket_Booking" name="flight_booking" time="1.108"/>
  <system-out/>
  <testcase classname="com.practiceMe.testNg.greenkart_FlightTicket_Booking" name="switchwindow" time="0.381"/>
  <system-out/>
  <testcase classname="com.practiceMe.testNg.greenkart_FlightTicket_Booking" name="from" time="13.963"/>
  <system-out/>
  <testcase classname="com.practiceMe.testNg.greenkart_FlightTicket_Booking" name="To" time="0.710"/>
  <system-out/>
  <testcase classname="com.practiceMe.testNg.greenkart_FlightTicket_Booking" name="Date" time="1.108"/>
  <system-out/>
  <testcase classname="com.practiceMe.testNg.greenkart_FlightTicket_Booking" name="passengers" time="1.335"/>
  <system-out/>
  <testcase classname="com.practiceMe.testNg.greenkart_FlightTicket_Booking" name="Search" time="7.814"/>
  <system-out/>
</testsuite> <!-- com.practiceMe.testNg.greenkart_FlightTicket_Booking -->
