<?xml version="1.0" encoding="UTF-8"?>
<!-- Generated by org.testng.reporters.JUnitReportReporter -->
<testsuite hostname="DESKTOP-KP1G8GF" failures="0" tests="1" name="com.Task24.Answers.LoginPage" time="0.010" errors="0" timestamp="2023-11-05T13:48:31 IST" skipped="0">
  <testcase classname="com.Task24.Answers.LoginPage" name="Login" time="0.010"/>
  <system-out/>
</testsuite> <!-- com.Task24.Answers.LoginPage -->
