<?xml version="1.0" encoding="UTF-8"?>
<!-- Generated by org.testng.reporters.JUnitReportReporter -->
<testsuite hostname="DESKTOP-KP1G8GF" failures="0" tests="3" name="com.practiceMe.testNg.basic_testNg_structure" time="0.055" errors="0" timestamp="2023-10-31T13:31:48 IST" skipped="0">
  <testcase classname="com.practiceMe.testNg.basic_testNg_structure" name="testcase2" time="0.012"/>
  <system-out/>
  <testcase classname="com.practiceMe.testNg.basic_testNg_structure" name="testcase3" time="0.012"/>
  <system-out/>
  <testcase classname="com.practiceMe.testNg.basic_testNg_structure" name="testcase1" time="0.031"/>
  <system-out/>
</testsuite> <!-- com.practiceMe.testNg.basic_testNg_structure -->
