<?xml version="1.0" encoding="UTF-8"?>
<!-- Generated by org.testng.reporters.JUnitReportReporter -->
<testsuite hostname="DESKTOP-KP1G8GF" failures="0" tests="3" name="com.practiceMe.testNg.W3Schools_LearnJava" time="76.179" errors="0" timestamp="2023-11-08T22:07:38 IST" skipped="0">
  <testcase classname="com.practiceMe.testNg.W3Schools_LearnJava" name="Login" time="13.892"/>
  <system-out/>
  <testcase classname="com.practiceMe.testNg.W3Schools_LearnJava" name="Homepage" time="0.082"/>
  <system-out/>
  <testcase classname="com.practiceMe.testNg.W3Schools_LearnJava" name="browse_Tutorials" time="62.205"/>
  <system-out/>
</testsuite> <!-- com.practiceMe.testNg.W3Schools_LearnJava -->
