<?xml version="1.0" encoding="UTF-8"?>
<!-- Generated by org.testng.reporters.JUnitReportReporter -->
<testsuite hostname="DESKTOP-KP1G8GF" failures="0" tests="2" name="com.learining.testng.TestNG_parallelAtTest_Level1" time="51.091" errors="0" timestamp="2023-11-02T07:15:14 IST" skipped="0">
  <testcase classname="com.learining.testng.TestNG_parallelAtTest_Level1" name="launchYahoo" time="11.088"/>
  <system-out/>
  <testcase classname="com.learining.testng.TestNG_parallelAtTest_Level1" name="launchFacebook" time="40.003"/>
  <system-out/>
</testsuite> <!-- com.learining.testng.TestNG_parallelAtTest_Level1 -->
